<?xml version="1.0" encoding="UTF-8"?>
<!-- Generated by org.testng.reporters.JUnitXMLReporter -->
<testsuite ignored="0" hostname="DESKTOP-A59L0MA" failures="0" tests="9" name="Default test" time="16.205" errors="0" timestamp="2024-11-25T15:48:06 IST">
  <testcase classname="api.test.DDTests" name="createUserDD" time="3.943"/>
  <testcase classname="api.test.DDTests" name="createUserDD" time="1.143"/>
  <testcase classname="api.test.DDTests" name="createUserDD" time="1.106"/>
  <testcase classname="api.test.DDTests" name="getUserDD" time="1.409"/>
  <testcase classname="api.test.DDTests" name="getUserDD" time="1.153"/>
  <testcase classname="api.test.DDTests" name="getUserDD" time="1.149"/>
  <testcase classname="api.test.DDTests" name="deleteUserDD" time="1.284"/>
  <testcase classname="api.test.DDTests" name="deleteUserDD" time="1.145"/>
  <testcase classname="api.test.DDTests" name="deleteUserDD" time="1.164"/>
</testsuite> <!-- Default test -->
