<?xml version="1.0" encoding="UTF-8"?>
<!-- Generated by org.testng.reporters.JUnitXMLReporter -->
<testsuite ignored="0" hostname="DESKTOP-A59L0MA" failures="0" tests="8" name="Test" time="14.414" errors="0" timestamp="2024-11-25T17:55:02 IST">
  <testcase classname="api.test.UserTests" name="testCreateUser" time="3.088"/>
  <testcase classname="api.test.UserTests" name="testGetUserByUserName" time="1.159"/>
  <testcase classname="api.test.UserTests" name="testUpdateUserByUserName" time="2.191"/>
  <testcase classname="api.test.UserTests" name="testDeleteUserByUserName" time="1.15"/>
  <testcase classname="api.test.UserTests2" name="testCreateUser" time="1.129"/>
  <testcase classname="api.test.UserTests2" name="testGetUserByUserName" time="1.127"/>
  <testcase classname="api.test.UserTests2" name="testUpdateUserByUserName" time="2.221"/>
  <testcase classname="api.test.UserTests2" name="testDeleteUserByUserName" time="1.078"/>
</testsuite> <!-- Test -->
