<?xml version="1.0" encoding="UTF-8"?>
<testng-results ignored="0" total="8" passed="8" failed="0" skipped="0">
  <reporter-output>
  </reporter-output>
  <suite started-at="2024-11-25T17:54:47 IST" name="Suite" finished-at="2024-11-25T17:55:02 IST" duration-ms="14414">
    <groups>
    </groups>
    <test started-at="2024-11-25T17:54:47 IST" name="Test" finished-at="2024-11-25T17:55:02 IST" duration-ms="14414">
      <class name="api.test.UserTests2">
        <test-method is-config="true" signature="setupTest()[pri:0, instance:api.test.UserTests2@795509d9]" started-at="2024-11-25T17:54:56 IST" name="setupTest" finished-at="2024-11-25T17:54:56 IST" duration-ms="59" status="PASS">
          <reporter-output>
          </reporter-output>
        </test-method> <!-- setupTest -->
        <test-method signature="testCreateUser()[pri:1, instance:api.test.UserTests2@795509d9]" started-at="2024-11-25T17:54:56 IST" name="testCreateUser" finished-at="2024-11-25T17:54:57 IST" duration-ms="1129" status="PASS">
          <reporter-output>
          </reporter-output>
        </test-method> <!-- testCreateUser -->
        <test-method signature="testGetUserByUserName()[pri:2, instance:api.test.UserTests2@795509d9]" started-at="2024-11-25T17:54:57 IST" name="testGetUserByUserName" finished-at="2024-11-25T17:54:58 IST" duration-ms="1127" status="PASS">
          <reporter-output>
          </reporter-output>
        </test-method> <!-- testGetUserByUserName -->
        <test-method signature="testUpdateUserByUserName()[pri:3, instance:api.test.UserTests2@795509d9]" started-at="2024-11-25T17:54:58 IST" name="testUpdateUserByUserName" finished-at="2024-11-25T17:55:01 IST" duration-ms="2221" status="PASS">
          <reporter-output>
          </reporter-output>
        </test-method> <!-- testUpdateUserByUserName -->
        <test-method signature="testDeleteUserByUserName()[pri:4, instance:api.test.UserTests2@795509d9]" started-at="2024-11-25T17:55:01 IST" name="testDeleteUserByUserName" finished-at="2024-11-25T17:55:02 IST" duration-ms="1078" status="PASS">
          <reporter-output>
          </reporter-output>
        </test-method> <!-- testDeleteUserByUserName -->
      </class> <!-- api.test.UserTests2 -->
      <class name="api.test.UserTests">
        <test-method is-config="true" signature="setupTest()[pri:0, instance:api.test.UserTests@74d1dc36]" started-at="2024-11-25T17:54:48 IST" name="setupTest" finished-at="2024-11-25T17:54:49 IST" duration-ms="771" status="PASS">
          <reporter-output>
          </reporter-output>
        </test-method> <!-- setupTest -->
        <test-method signature="testCreateUser()[pri:1, instance:api.test.UserTests@74d1dc36]" started-at="2024-11-25T17:54:49 IST" name="testCreateUser" finished-at="2024-11-25T17:54:52 IST" duration-ms="3088" status="PASS">
          <reporter-output>
          </reporter-output>
        </test-method> <!-- testCreateUser -->
        <test-method signature="testGetUserByUserName()[pri:2, instance:api.test.UserTests@74d1dc36]" started-at="2024-11-25T17:54:52 IST" name="testGetUserByUserName" finished-at="2024-11-25T17:54:53 IST" duration-ms="1159" status="PASS">
          <reporter-output>
          </reporter-output>
        </test-method> <!-- testGetUserByUserName -->
        <test-method signature="testUpdateUserByUserName()[pri:3, instance:api.test.UserTests@74d1dc36]" started-at="2024-11-25T17:54:53 IST" name="testUpdateUserByUserName" finished-at="2024-11-25T17:54:55 IST" duration-ms="2191" status="PASS">
          <reporter-output>
          </reporter-output>
        </test-method> <!-- testUpdateUserByUserName -->
        <test-method signature="testDeleteUserByUserName()[pri:4, instance:api.test.UserTests@74d1dc36]" started-at="2024-11-25T17:54:55 IST" name="testDeleteUserByUserName" finished-at="2024-11-25T17:54:56 IST" duration-ms="1150" status="PASS">
          <reporter-output>
          </reporter-output>
        </test-method> <!-- testDeleteUserByUserName -->
      </class> <!-- api.test.UserTests -->
    </test> <!-- Test -->
  </suite> <!-- Suite -->
</testng-results>
